[debug] [2022-06-06T11:43:32.860Z] ----------------------------------------------------------------------
[debug] [2022-06-06T11:43:32.862Z] Command:       /Users/martin/.nvm/versions/node/v14.17.6/bin/node /usr/local/bin/firebase emulators:start --only functions
[debug] [2022-06-06T11:43:32.862Z] CLI Version:   9.19.0
[debug] [2022-06-06T11:43:32.862Z] Platform:      darwin
[debug] [2022-06-06T11:43:32.862Z] Node Version:  v14.17.6
[debug] [2022-06-06T11:43:32.864Z] Time:          Mon Jun 06 2022 14:43:32 GMT+0300 (heure normale d’Afrique de l’Est)
[debug] [2022-06-06T11:43:32.864Z] ----------------------------------------------------------------------
[debug] 
[debug] [2022-06-06T11:43:32.866Z] >>> [apiv2][query] GET https://firebase-public.firebaseio.com/cli.json [none]
[debug] [2022-06-06T11:43:32.931Z] > command requires scopes: ["email","openid","https://www.googleapis.com/auth/cloudplatformprojects.readonly","https://www.googleapis.com/auth/firebase","https://www.googleapis.com/auth/cloud-platform"]
[info] i  emulators: Starting emulators: functions {"metadata":{"emulator":{"name":"hub"},"message":"Starting emulators: functions"}}
[debug] [2022-06-06T11:43:33.653Z] [hub] writing locator at /var/folders/ry/m7hh_r4j4f31z17jt395v3ym0000gp/T/hub-staging-zegzeg.json
[warn] ⚠  functions: The following emulators are not running, calls to these services from the Functions emulator will affect production: auth, firestore, database, hosting, pubsub, storage {"metadata":{"emulator":{"name":"functions"},"message":"The following emulators are not running, calls to these services from the Functions emulator will affect production: \u001b[1mauth, firestore, database, hosting, pubsub, storage\u001b[22m"}}
[info] ✔  functions: Using node@14 from host. {"metadata":{"emulator":{"name":"functions"},"message":"Using node@14 from host."}}
[warn] ⚠  functions: Your GOOGLE_APPLICATION_CREDENTIALS environment variable points to /Users/martin/Documents/Perso/DagDag/functions/staging-zegzeg-f4dc8ab4f596.json. Non-emulated services will access production using these credentials. Be careful! {"metadata":{"emulator":{"name":"functions"},"message":"Your GOOGLE_APPLICATION_CREDENTIALS environment variable points to /Users/martin/Documents/Perso/DagDag/functions/staging-zegzeg-f4dc8ab4f596.json. Non-emulated services will access production using these credentials. Be careful!"}}
[debug] [2022-06-06T11:43:33.672Z] >>> [apiv2][query] GET https://firebase.googleapis.com/v1beta1/projects/staging-zegzeg/adminSdkConfig [none]
[debug] [2022-06-06T11:43:34.042Z] <<< [apiv2][status] GET https://firebase-public.firebaseio.com/cli.json 200
[debug] [2022-06-06T11:43:34.043Z] <<< [apiv2][body] GET https://firebase-public.firebaseio.com/cli.json {"cloudBuildErrorAfter":1594252800000,"cloudBuildWarnAfter":1590019200000,"defaultNode10After":1594252800000,"minVersion":"3.0.5","node8DeploysDisabledAfter":1613390400000,"node8RuntimeDisabledAfter":1615809600000,"node8WarnAfter":1600128000000}
[debug] [2022-06-06T11:43:34.592Z] <<< [apiv2][status] GET https://firebase.googleapis.com/v1beta1/projects/staging-zegzeg/adminSdkConfig 200
[debug] [2022-06-06T11:43:34.593Z] <<< [apiv2][body] GET https://firebase.googleapis.com/v1beta1/projects/staging-zegzeg/adminSdkConfig {"projectId":"staging-zegzeg","storageBucket":"staging-zegzeg.appspot.com","locationId":"asia-south1"}
[debug] [2022-06-06T11:43:34.627Z] Ignoring unsupported arg: auto_download {"metadata":{"emulator":{"name":"ui"},"message":"Ignoring unsupported arg: auto_download"}}
[debug] [2022-06-06T11:43:34.628Z] Ignoring unsupported arg: port {"metadata":{"emulator":{"name":"ui"},"message":"Ignoring unsupported arg: port"}}
[debug] [2022-06-06T11:43:34.628Z] Starting Emulator UI with command {"binary":"node","args":["/Users/martin/.cache/firebase/emulators/ui-v1.6.3/server.bundle.js"],"optionalArgs":[],"joinArgs":false} {"metadata":{"emulator":{"name":"ui"},"message":"Starting Emulator UI with command {\"binary\":\"node\",\"args\":[\"/Users/martin/.cache/firebase/emulators/ui-v1.6.3/server.bundle.js\"],\"optionalArgs\":[],\"joinArgs\":false}"}}
[info] i  ui: Emulator UI logging to ui-debug.log {"metadata":{"emulator":{"name":"ui"},"message":"Emulator UI logging to \u001b[1mui-debug.log\u001b[22m"}}
[debug] [2022-06-06T11:43:34.726Z] Web / API server started at localhost:4000
 {"metadata":{"emulator":{"name":"ui"},"message":"Web / API server started at localhost:4000\n"}}
[info] i  functions: Watching "/Users/martin/Documents/Perso/DagDag/functions" for Cloud Functions... {"metadata":{"emulator":{"name":"functions"},"message":"Watching \"/Users/martin/Documents/Perso/DagDag/functions\" for Cloud Functions..."}}
[debug] [2022-06-06T11:43:34.909Z] [worker-pool] addWorker(~diagnostic~) {"metadata":{"emulator":{"name":"functions"},"message":"[worker-pool] addWorker(~diagnostic~)"}}
[debug] [2022-06-06T11:43:34.910Z] [worker-pool] Adding worker with key ~diagnostic~, total=1 {"metadata":{"emulator":{"name":"functions"},"message":"[worker-pool] Adding worker with key ~diagnostic~, total=1"}}
[debug] [2022-06-06T11:43:34.910Z] [worker-pool] submitWork(triggerId=) {"metadata":{"emulator":{"name":"functions"},"message":"[worker-pool] submitWork(triggerId=)"}}
[debug] [2022-06-06T11:43:34.910Z] [worker-~diagnostic~-06b6aa9c-aa17-472d-8f3b-74d3e83d03b1]: Assigning socketPath: /var/folders/ry/m7hh_r4j4f31z17jt395v3ym0000gp/T/fire_emu_39727.sock {"metadata":{"emulator":{"name":"functions"},"message":"[worker-~diagnostic~-06b6aa9c-aa17-472d-8f3b-74d3e83d03b1]: Assigning socketPath: /var/folders/ry/m7hh_r4j4f31z17jt395v3ym0000gp/T/fire_emu_39727.sock"}}
[debug] [2022-06-06T11:43:34.911Z] [worker-~diagnostic~-06b6aa9c-aa17-472d-8f3b-74d3e83d03b1]: BUSY {"metadata":{"emulator":{"name":"functions"},"message":"[worker-~diagnostic~-06b6aa9c-aa17-472d-8f3b-74d3e83d03b1]: BUSY"}}
[debug] [2022-06-06T11:43:35.037Z] [runtime-status] [39727] Functions runtime initialized. {"cwd":"/Users/martin/Documents/Perso/DagDag/functions","node_version":"14.17.6"} {"metadata":{"emulator":{"name":"functions"},"message":"[runtime-status] [39727] Functions runtime initialized. {\"cwd\":\"/Users/martin/Documents/Perso/DagDag/functions\",\"node_version\":\"14.17.6\"}"}}
[debug] [2022-06-06T11:43:35.037Z] [runtime-status] [39727] Disabled runtime features: undefined {"metadata":{"emulator":{"name":"functions"},"message":"[runtime-status] [39727] Disabled runtime features: undefined"}}
[debug] [2022-06-06T11:43:35.039Z] [runtime-status] [39727] Resolved module firebase-admin {"declared":true,"installed":true,"version":"9.12.0","resolution":"/Users/martin/Documents/Perso/DagDag/functions/node_modules/firebase-admin/lib/index.js"} {"metadata":{"emulator":{"name":"functions"},"message":"[runtime-status] [39727] Resolved module firebase-admin {\"declared\":true,\"installed\":true,\"version\":\"9.12.0\",\"resolution\":\"/Users/martin/Documents/Perso/DagDag/functions/node_modules/firebase-admin/lib/index.js\"}"}}
[debug] [2022-06-06T11:43:35.041Z] [runtime-status] [39727] Resolved module firebase-functions {"declared":true,"installed":true,"version":"3.15.7","resolution":"/Users/martin/Documents/Perso/DagDag/functions/node_modules/firebase-functions/lib/index.js"} {"metadata":{"emulator":{"name":"functions"},"message":"[runtime-status] [39727] Resolved module firebase-functions {\"declared\":true,\"installed\":true,\"version\":\"3.15.7\",\"resolution\":\"/Users/martin/Documents/Perso/DagDag/functions/node_modules/firebase-functions/lib/index.js\"}"}}
[debug] [2022-06-06T11:43:35.042Z] [runtime-status] [39727] Outgoing network have been stubbed. [{"name":"http","status":"mocked"},{"name":"http","status":"mocked"},{"name":"https","status":"mocked"},{"name":"https","status":"mocked"},{"name":"net","status":"mocked"}] {"metadata":{"emulator":{"name":"functions"},"message":"[runtime-status] [39727] Outgoing network have been stubbed. [{\"name\":\"http\",\"status\":\"mocked\"},{\"name\":\"http\",\"status\":\"mocked\"},{\"name\":\"https\",\"status\":\"mocked\"},{\"name\":\"https\",\"status\":\"mocked\"},{\"name\":\"net\",\"status\":\"mocked\"}]"}}
[debug] [2022-06-06T11:43:35.043Z] [runtime-status] [39727] Resolved module firebase-functions {"declared":true,"installed":true,"version":"3.15.7","resolution":"/Users/martin/Documents/Perso/DagDag/functions/node_modules/firebase-functions/lib/index.js"} {"metadata":{"emulator":{"name":"functions"},"message":"[runtime-status] [39727] Resolved module firebase-functions {\"declared\":true,\"installed\":true,\"version\":\"3.15.7\",\"resolution\":\"/Users/martin/Documents/Perso/DagDag/functions/node_modules/firebase-functions/lib/index.js\"}"}}
[debug] [2022-06-06T11:43:35.119Z] [runtime-status] [39727] Checked functions.config() {"config":{}} {"metadata":{"emulator":{"name":"functions"},"message":"[runtime-status] [39727] Checked functions.config() {\"config\":{}}"}}
[debug] [2022-06-06T11:43:35.120Z] [runtime-status] [39727] firebase-functions has been stubbed. {"functionsResolution":{"declared":true,"installed":true,"version":"3.15.7","resolution":"/Users/martin/Documents/Perso/DagDag/functions/node_modules/firebase-functions/lib/index.js"}} {"metadata":{"emulator":{"name":"functions"},"message":"[runtime-status] [39727] firebase-functions has been stubbed. {\"functionsResolution\":{\"declared\":true,\"installed\":true,\"version\":\"3.15.7\",\"resolution\":\"/Users/martin/Documents/Perso/DagDag/functions/node_modules/firebase-functions/lib/index.js\"}}"}}
[debug] [2022-06-06T11:43:35.120Z] [runtime-status] [39727] Resolved module firebase-functions {"declared":true,"installed":true,"version":"3.15.7","resolution":"/Users/martin/Documents/Perso/DagDag/functions/node_modules/firebase-functions/lib/index.js"} {"metadata":{"emulator":{"name":"functions"},"message":"[runtime-status] [39727] Resolved module firebase-functions {\"declared\":true,\"installed\":true,\"version\":\"3.15.7\",\"resolution\":\"/Users/martin/Documents/Perso/DagDag/functions/node_modules/firebase-functions/lib/index.js\"}"}}
[debug] [2022-06-06T11:43:35.121Z] [runtime-status] [39727] Resolved module firebase-admin {"declared":true,"installed":true,"version":"9.12.0","resolution":"/Users/martin/Documents/Perso/DagDag/functions/node_modules/firebase-admin/lib/index.js"} {"metadata":{"emulator":{"name":"functions"},"message":"[runtime-status] [39727] Resolved module firebase-admin {\"declared\":true,\"installed\":true,\"version\":\"9.12.0\",\"resolution\":\"/Users/martin/Documents/Perso/DagDag/functions/node_modules/firebase-admin/lib/index.js\"}"}}
[debug] [2022-06-06T11:43:35.122Z] [runtime-status] [39727] Resolved module firebase-functions {"declared":true,"installed":true,"version":"3.15.7","resolution":"/Users/martin/Documents/Perso/DagDag/functions/node_modules/firebase-functions/lib/index.js"} {"metadata":{"emulator":{"name":"functions"},"message":"[runtime-status] [39727] Resolved module firebase-functions {\"declared\":true,\"installed\":true,\"version\":\"3.15.7\",\"resolution\":\"/Users/martin/Documents/Perso/DagDag/functions/node_modules/firebase-functions/lib/index.js\"}"}}
[debug] [2022-06-06T11:43:35.122Z] [runtime-status] [39727] firebase-admin has been stubbed. {"adminResolution":{"declared":true,"installed":true,"version":"9.12.0","resolution":"/Users/martin/Documents/Perso/DagDag/functions/node_modules/firebase-admin/lib/index.js"}} {"metadata":{"emulator":{"name":"functions"},"message":"[runtime-status] [39727] firebase-admin has been stubbed. {\"adminResolution\":{\"declared\":true,\"installed\":true,\"version\":\"9.12.0\",\"resolution\":\"/Users/martin/Documents/Perso/DagDag/functions/node_modules/firebase-admin/lib/index.js\"}}"}}
[debug] [2022-06-06T11:43:35.216Z] [runtime-status] [39727] initializeApp(DEFAULT) {"storageBucket":"staging-zegzeg.appspot.com","projectId":"staging-zegzeg"} {"metadata":{"emulator":{"name":"functions"},"message":"[runtime-status] [39727] initializeApp(DEFAULT) {\"storageBucket\":\"staging-zegzeg.appspot.com\",\"projectId\":\"staging-zegzeg\"}"}}
[warn] ⚠  functions: The Cloud Firestore emulator is not running, so calls to Firestore will affect production. {"metadata":{"emulator":{"name":"functions"},"message":"The Cloud Firestore emulator is not running, so calls to Firestore will affect production."}}
[info] ✔  functions[asia-south1-createOrder]: http function initialized (http://localhost:5001/staging-zegzeg/asia-south1/createOrder). {"metadata":{"emulator":{"name":"functions"},"message":"\u001b[1mhttp\u001b[22m function initialized (http://localhost:5001/staging-zegzeg/asia-south1/createOrder)."}}
[info] ✔  functions[asia-south1-generateCars]: http function initialized (http://localhost:5001/staging-zegzeg/asia-south1/generateCars). {"metadata":{"emulator":{"name":"functions"},"message":"\u001b[1mhttp\u001b[22m function initialized (http://localhost:5001/staging-zegzeg/asia-south1/generateCars)."}}
[info] ✔  functions[asia-south1-sendEmail]: http function initialized (http://localhost:5001/staging-zegzeg/asia-south1/sendEmail). {"metadata":{"emulator":{"name":"functions"},"message":"\u001b[1mhttp\u001b[22m function initialized (http://localhost:5001/staging-zegzeg/asia-south1/sendEmail)."}}
[info] ✔  functions[asia-south1-updateRating]: http function initialized (http://localhost:5001/staging-zegzeg/asia-south1/updateRating). {"metadata":{"emulator":{"name":"functions"},"message":"\u001b[1mhttp\u001b[22m function initialized (http://localhost:5001/staging-zegzeg/asia-south1/updateRating)."}}
[info] ✔  functions[asia-south1-createSetupIntent]: http function initialized (http://localhost:5001/staging-zegzeg/asia-south1/createSetupIntent). {"metadata":{"emulator":{"name":"functions"},"message":"\u001b[1mhttp\u001b[22m function initialized (http://localhost:5001/staging-zegzeg/asia-south1/createSetupIntent)."}}
[info] ✔  functions[asia-south1-getPaymentMethods]: http function initialized (http://localhost:5001/staging-zegzeg/asia-south1/getPaymentMethods). {"metadata":{"emulator":{"name":"functions"},"message":"\u001b[1mhttp\u001b[22m function initialized (http://localhost:5001/staging-zegzeg/asia-south1/getPaymentMethods)."}}
[info] ✔  functions[asia-south1-proceedToPayment]: http function initialized (http://localhost:5001/staging-zegzeg/asia-south1/proceedToPayment). {"metadata":{"emulator":{"name":"functions"},"message":"\u001b[1mhttp\u001b[22m function initialized (http://localhost:5001/staging-zegzeg/asia-south1/proceedToPayment)."}}
[info] 
┌─────────────────────────────────────────────────────────────┐
│ ✔  All emulators ready! It is now safe to connect your app. │
│ i  View Emulator UI at http://localhost:4000                │
└─────────────────────────────────────────────────────────────┘

┌───────────┬────────────────┬─────────────────────────────────┐
│ Emulator  │ Host:Port      │ View in Emulator UI             │
├───────────┼────────────────┼─────────────────────────────────┤
│ Functions │ localhost:5001 │ http://localhost:4000/functions │
└───────────┴────────────────┴─────────────────────────────────┘
  Emulator Hub running at localhost:4400
  Other reserved ports: 4500

Issues? Report them at https://github.com/firebase/firebase-tools/issues and attach the *-debug.log files.
 
[debug] [2022-06-06T11:43:36.251Z] [worker-~diagnostic~-06b6aa9c-aa17-472d-8f3b-74d3e83d03b1]: IDLE {"metadata":{"emulator":{"name":"functions"},"message":"[worker-~diagnostic~-06b6aa9c-aa17-472d-8f3b-74d3e83d03b1]: IDLE"}}
